<?xml version="1.0" encoding="UTF-8"?>
<!-- Generated by org.testng.reporters.JUnitReportReporter -->
<testsuite hostname="PRINHYLTPAP0877.local" failures="0" tests="1" name="com.webapp.automation.test.HomePageTest" time="34.948" errors="0" timestamp="15 May 2018 11:56:42 GMT" skipped="0">
  <testcase classname="com.webapp.automation.test.HomePageTest" name="HomePagePopUpHandling" time="34.948"/>
</testsuite> <!-- com.webapp.automation.test.HomePageTest -->
